Using pre-set license
Built from '2021.3/staging' branch; Version is '2021.3.9f1 (ad3870b89536) revision 11352176'; Using compiler version '192829333'; Build Type 'Release'
OS: 'Windows 10  (10.0.19045) 64bit Core' Language: 'en' Physical Memory: 16248 MB
BatchMode: 1, IsHumanControllingUs: 0, StartBugReporterOnCrash: 0, Is64bit: 1, IsPro: 1

COMMAND LINE ARGUMENTS:
C:\Program Files\Unity\Hub\Editor\2021.3.9f1\Editor\Unity.exe
-adb2
-batchMode
-noUpm
-name
AssetImportWorker2
-projectPath
C:/Users/matth/Desktop/Unity Projects/MajorJam6Life/Major Jam 6 Life Submission
-logFile
Logs/AssetImportWorker2.log
-srvPort
60776
Successfully changed project path to: C:/Users/matth/Desktop/Unity Projects/MajorJam6Life/Major Jam 6 Life Submission
C:/Users/matth/Desktop/Unity Projects/MajorJam6Life/Major Jam 6 Life Submission
[UnityMemory] Configuration Parameters - Can be set up in boot.config
    "memorysetup-bucket-allocator-granularity=16"
    "memorysetup-bucket-allocator-bucket-count=8"
    "memorysetup-bucket-allocator-block-size=33554432"
    "memorysetup-bucket-allocator-block-count=8"
    "memorysetup-main-allocator-block-size=16777216"
    "memorysetup-thread-allocator-block-size=16777216"
    "memorysetup-gfx-main-allocator-block-size=16777216"
    "memorysetup-gfx-thread-allocator-block-size=16777216"
    "memorysetup-cache-allocator-block-size=4194304"
    "memorysetup-typetree-allocator-block-size=2097152"
    "memorysetup-profiler-bucket-allocator-granularity=16"
    "memorysetup-profiler-bucket-allocator-bucket-count=8"
    "memorysetup-profiler-bucket-allocator-block-size=33554432"
    "memorysetup-profiler-bucket-allocator-block-count=8"
    "memorysetup-profiler-allocator-block-size=16777216"
    "memorysetup-profiler-editor-allocator-block-size=1048576"
    "memorysetup-temp-allocator-size-main=16777216"
    "memorysetup-job-temp-allocator-block-size=2097152"
    "memorysetup-job-temp-allocator-block-size-background=1048576"
    "memorysetup-job-temp-allocator-reduction-small-platforms=262144"
    "memorysetup-temp-allocator-size-background-worker=32768"
    "memorysetup-temp-allocator-size-job-worker=262144"
    "memorysetup-temp-allocator-size-preload-manager=33554432"
    "memorysetup-temp-allocator-size-nav-mesh-worker=65536"
    "memorysetup-temp-allocator-size-audio-worker=65536"
    "memorysetup-temp-allocator-size-cloud-worker=32768"
    "memorysetup-temp-allocator-size-gi-baking-worker=262144"
    "memorysetup-temp-allocator-size-gfx=262144"
Refreshing native plugins compatible for Editor in 131.88 ms, found 3 plugins.
Preloading 0 native plugins for Editor in 0.00 ms.
Initialize engine version: 2021.3.9f1 (ad3870b89536)
[Subsystems] Discovering subsystems at path C:/Program Files/Unity/Hub/Editor/2021.3.9f1/Editor/Data/Resources/UnitySubsystems
[Subsystems] Discovering subsystems at path C:/Users/matth/Desktop/Unity Projects/MajorJam6Life/Major Jam 6 Life Submission/Assets
GfxDevice: creating device client; threaded=0; jobified=0
Direct3D:
    Version:  Direct3D 11.0 [level 11.1]
    Renderer: NVIDIA GeForce GTX 1660 Ti (ID=0x2191)
    Vendor:   NVIDIA
    VRAM:     5979 MB
    Driver:   31.0.15.2698
Initialize mono
Mono path[0] = 'C:/Program Files/Unity/Hub/Editor/2021.3.9f1/Editor/Data/Managed'
Mono path[1] = 'C:/Program Files/Unity/Hub/Editor/2021.3.9f1/Editor/Data/MonoBleedingEdge/lib/mono/unityjit-win32'
Mono config path = 'C:/Program Files/Unity/Hub/Editor/2021.3.9f1/Editor/Data/MonoBleedingEdge/etc'
Using monoOptions --debugger-agent=transport=dt_socket,embedding=1,server=y,suspend=n,address=127.0.0.1:56464
Begin MonoManager ReloadAssembly
Registering precompiled unity dll's ...
Register platform support module: C:/Program Files/Unity/Hub/Editor/2021.3.9f1/Editor/Data/PlaybackEngines/WindowsStandaloneSupport/UnityEditor.WindowsStandalone.Extensions.dll
Registered in 0.014697 seconds.
Native extension for WindowsStandalone target not found
Refreshing native plugins compatible for Editor in 129.88 ms, found 3 plugins.
Preloading 0 native plugins for Editor in 0.00 ms.
Mono: successfully reloaded assembly
- Completed reload, in  0.938 seconds
Domain Reload Profiling:
	ReloadAssembly (938ms)
		BeginReloadAssembly (108ms)
			ExecutionOrderSort (0ms)
			DisableScriptedObjects (0ms)
			BackupInstance (0ms)
			ReleaseScriptingObjects (0ms)
			CreateAndSetChildDomain (1ms)
		EndReloadAssembly (654ms)
			LoadAssemblies (104ms)
			RebuildTransferFunctionScriptingTraits (0ms)
			SetupTypeCache (170ms)
			ReleaseScriptCaches (0ms)
			RebuildScriptCaches (37ms)
			SetupLoadedEditorAssemblies (383ms)
				LogAssemblyErrors (0ms)
				InitializePlatformSupportModulesInManaged (13ms)
				SetLoadedEditorAssemblies (0ms)
				RefreshPlugins (130ms)
				BeforeProcessingInitializeOnLoad (1ms)
				ProcessInitializeOnLoadAttributes (182ms)
				ProcessInitializeOnLoadMethodAttributes (56ms)
				AfterProcessingInitializeOnLoad (0ms)
				EditorAssembliesLoaded (0ms)
			ExecutionOrderSort2 (0ms)
			AwakeInstancesAfterBackupRestoration (0ms)
Platform modules already initialized, skipping
Registering precompiled user dll's ...
Registered in 0.010915 seconds.
Begin MonoManager ReloadAssembly
Symbol file LoadedFromMemory doesn't match image C:\Users\matth\Desktop\Unity Projects\MajorJam6Life\Major Jam 6 Life Submission\Library\PackageCache\com.unity.visualscripting@1.7.8\Editor\VisualScripting.Core\Dependencies\YamlDotNet\Unity.VisualScripting.YamlDotNet.dll
Symbol file LoadedFromMemory doesn't match image C:\Users\matth\Desktop\Unity Projects\MajorJam6Life\Major Jam 6 Life Submission\Library\PackageCache\com.unity.visualscripting@1.7.8\Editor\VisualScripting.Core\Dependencies\DotNetZip\Unity.VisualScripting.IonicZip.dll
Native extension for WindowsStandalone target not found
Refreshing native plugins compatible for Editor in 120.76 ms, found 3 plugins.
Preloading 0 native plugins for Editor in 0.00 ms.
Mono: successfully reloaded assembly
- Completed reload, in  1.608 seconds
Domain Reload Profiling:
	ReloadAssembly (1609ms)
		BeginReloadAssembly (163ms)
			ExecutionOrderSort (0ms)
			DisableScriptedObjects (8ms)
			BackupInstance (0ms)
			ReleaseScriptingObjects (0ms)
			CreateAndSetChildDomain (25ms)
		EndReloadAssembly (1269ms)
			LoadAssemblies (136ms)
			RebuildTransferFunctionScriptingTraits (0ms)
			SetupTypeCache (353ms)
			ReleaseScriptCaches (1ms)
			RebuildScriptCaches (74ms)
			SetupLoadedEditorAssemblies (679ms)
				LogAssemblyErrors (0ms)
				InitializePlatformSupportModulesInManaged (6ms)
				SetLoadedEditorAssemblies (0ms)
				RefreshPlugins (121ms)
				BeforeProcessingInitializeOnLoad (136ms)
				ProcessInitializeOnLoadAttributes (295ms)
				ProcessInitializeOnLoadMethodAttributes (110ms)
				AfterProcessingInitializeOnLoad (12ms)
				EditorAssembliesLoaded (0ms)
			ExecutionOrderSort2 (0ms)
			AwakeInstancesAfterBackupRestoration (8ms)
Platform modules already initialized, skipping
========================================================================
Worker process is ready to serve import requests
Launched and connected shader compiler UnityShaderCompiler.exe after 0.04 seconds
Refreshing native plugins compatible for Editor in 1.05 ms, found 3 plugins.
Preloading 0 native plugins for Editor in 0.00 ms.
Unloading 5095 Unused Serialized files (Serialized files now loaded: 0)
Unloading 44 unused Assets / (1.1 MB). Loaded Objects now: 5537.
Memory consumption went from 201.6 MB to 200.5 MB.
Total: 3.769200 ms (FindLiveObjects: 0.384800 ms CreateObjectMapping: 0.464900 ms MarkObjects: 2.483900 ms  DeleteObjects: 0.434800 ms)

AssetImportParameters requested are different than current active one (requested -> active):
  custom:video-decoder-ogg-theora: a1e56fd34408186e4bbccfd4996cb3dc -> 
  custom:container-muxer-webm: aa71ff27fc2769a1b78a27578f13a17b -> 
  custom:container-demuxer-webm: 4f35f7cbe854078d1ac9338744f61a02 -> 
  custom:video-encoder-webm-vp8: eb34c28f22e8b96e1ab97ce403110664 -> 
  custom:audio-encoder-webm-vorbis: bf7c407c2cedff20999df2af8eb42d56 -> 
  custom:framework-win-MediaFoundation: 216162199b28c13a410421893ffa2e32 -> 
  custom:container-demuxer-ogg: 62fdf1f143b41e24485cea50d1cbac27 -> 
  custom:video-decoder-webm-vp8: 9c59270c3fd7afecdb556c50c9e8de78 -> 
  custom:audio-decoder-ogg-vorbis: bf7c407c2cedff20999df2af8eb42d56 -> 
========================================================================
Received Import Request.
  Time since last request: 275176.900146 seconds.
  path: Assets/Prefabs/Minigame/Levels/Level 1-2.prefab
  artifactKey: Guid(6dbe9536b87a2034086e97e3232f1d51) Importer(815301076,1909f56bfc062723c751e8b465ee728b)
Start importing Assets/Prefabs/Minigame/Levels/Level 1-2.prefab using Guid(6dbe9536b87a2034086e97e3232f1d51) Importer(815301076,1909f56bfc062723c751e8b465ee728b)  -> (artifact id: '115339afe9f917cd0be569b4e9c3253d') in 0.070122 seconds 
========================================================================
Received Import Request.
  Time since last request: 32.119384 seconds.
  path: Assets/Prefabs/Minigame/Levels/Level 1-4.prefab
  artifactKey: Guid(83c9e909a41be584a8c89cd48299c4de) Importer(815301076,1909f56bfc062723c751e8b465ee728b)
Start importing Assets/Prefabs/Minigame/Levels/Level 1-4.prefab using Guid(83c9e909a41be584a8c89cd48299c4de) Importer(815301076,1909f56bfc062723c751e8b465ee728b)  -> (artifact id: '651c45770633487d5b27db2746f70bc5') in 0.010927 seconds 
========================================================================
Received Import Request.
  Time since last request: 32.849879 seconds.
  path: Assets/Prefabs/Minigame/Levels/Level 1-4.prefab
  artifactKey: Guid(83c9e909a41be584a8c89cd48299c4de) Importer(815301076,1909f56bfc062723c751e8b465ee728b)
Start importing Assets/Prefabs/Minigame/Levels/Level 1-4.prefab using Guid(83c9e909a41be584a8c89cd48299c4de) Importer(815301076,1909f56bfc062723c751e8b465ee728b)  -> (artifact id: '9b87a4a33bad93b502e5c12bf4e7c5bc') in 0.011517 seconds 
========================================================================
Received Import Request.
  Time since last request: 1.807462 seconds.
  path: Assets/Prefabs/Minigame/Levels/Level 1-4.prefab
  artifactKey: Guid(83c9e909a41be584a8c89cd48299c4de) Importer(815301076,1909f56bfc062723c751e8b465ee728b)
Start importing Assets/Prefabs/Minigame/Levels/Level 1-4.prefab using Guid(83c9e909a41be584a8c89cd48299c4de) Importer(815301076,1909f56bfc062723c751e8b465ee728b)  -> (artifact id: '8815d4cabb76db4f4e567bafa9382d9a') in 0.009218 seconds 
========================================================================
Received Import Request.
  Time since last request: 4.075274 seconds.
  path: Assets/Prefabs/Minigame/Levels/Level 1-4.prefab
  artifactKey: Guid(83c9e909a41be584a8c89cd48299c4de) Importer(815301076,1909f56bfc062723c751e8b465ee728b)
Start importing Assets/Prefabs/Minigame/Levels/Level 1-4.prefab using Guid(83c9e909a41be584a8c89cd48299c4de) Importer(815301076,1909f56bfc062723c751e8b465ee728b)  -> (artifact id: '5eeffd25c507fe4f3b78d1ee403cf63c') in 0.012277 seconds 
========================================================================
Received Import Request.
  Time since last request: 5.063642 seconds.
  path: Assets/Prefabs/Minigame/Levels/Level 1-4.prefab
  artifactKey: Guid(83c9e909a41be584a8c89cd48299c4de) Importer(815301076,1909f56bfc062723c751e8b465ee728b)
Start importing Assets/Prefabs/Minigame/Levels/Level 1-4.prefab using Guid(83c9e909a41be584a8c89cd48299c4de) Importer(815301076,1909f56bfc062723c751e8b465ee728b)  -> (artifact id: '56dd871258b956bf284c9b90b13118fd') in 0.009105 seconds 
========================================================================
Received Import Request.
  Time since last request: 6.062981 seconds.
  path: Assets/Prefabs/Minigame/Levels/Level 1-4.prefab
  artifactKey: Guid(83c9e909a41be584a8c89cd48299c4de) Importer(815301076,1909f56bfc062723c751e8b465ee728b)
Start importing Assets/Prefabs/Minigame/Levels/Level 1-4.prefab using Guid(83c9e909a41be584a8c89cd48299c4de) Importer(815301076,1909f56bfc062723c751e8b465ee728b)  -> (artifact id: '19869800f794e45b2a9405d71c2b0477') in 0.013559 seconds 
========================================================================
Received Import Request.
  Time since last request: 5.807928 seconds.
  path: Assets/Prefabs/Minigame/Levels/Level 1-4.prefab
  artifactKey: Guid(83c9e909a41be584a8c89cd48299c4de) Importer(815301076,1909f56bfc062723c751e8b465ee728b)
Start importing Assets/Prefabs/Minigame/Levels/Level 1-4.prefab using Guid(83c9e909a41be584a8c89cd48299c4de) Importer(815301076,1909f56bfc062723c751e8b465ee728b)  -> (artifact id: '990b75cbd76cd926a993e1ab639200fe') in 0.011327 seconds 
========================================================================
Received Import Request.
  Time since last request: 4.488299 seconds.
  path: Assets/Prefabs/Minigame/Levels/Level 1-4.prefab
  artifactKey: Guid(83c9e909a41be584a8c89cd48299c4de) Importer(815301076,1909f56bfc062723c751e8b465ee728b)
Start importing Assets/Prefabs/Minigame/Levels/Level 1-4.prefab using Guid(83c9e909a41be584a8c89cd48299c4de) Importer(815301076,1909f56bfc062723c751e8b465ee728b)  -> (artifact id: '024a224aabd126b573c6174dae2770e5') in 0.013792 seconds 
========================================================================
Received Import Request.
  Time since last request: 8.718208 seconds.
  path: Assets/Prefabs/Minigame/Levels/Level 1-4.prefab
  artifactKey: Guid(83c9e909a41be584a8c89cd48299c4de) Importer(815301076,1909f56bfc062723c751e8b465ee728b)
Start importing Assets/Prefabs/Minigame/Levels/Level 1-4.prefab using Guid(83c9e909a41be584a8c89cd48299c4de) Importer(815301076,1909f56bfc062723c751e8b465ee728b)  -> (artifact id: '09424eb31bbaece19ed88c027b623d40') in 0.013614 seconds 
========================================================================
Received Import Request.
  Time since last request: 4.277676 seconds.
  path: Assets/Prefabs/Minigame/Levels/Level 1-4.prefab
  artifactKey: Guid(83c9e909a41be584a8c89cd48299c4de) Importer(815301076,1909f56bfc062723c751e8b465ee728b)
Start importing Assets/Prefabs/Minigame/Levels/Level 1-4.prefab using Guid(83c9e909a41be584a8c89cd48299c4de) Importer(815301076,1909f56bfc062723c751e8b465ee728b)  -> (artifact id: '8758cea481ac09695f78dbdee2486c63') in 0.009809 seconds 
========================================================================
Received Import Request.
  Time since last request: 1.033454 seconds.
  path: Assets/Prefabs/Minigame/Levels/Level 1-4.prefab
  artifactKey: Guid(83c9e909a41be584a8c89cd48299c4de) Importer(815301076,1909f56bfc062723c751e8b465ee728b)
Start importing Assets/Prefabs/Minigame/Levels/Level 1-4.prefab using Guid(83c9e909a41be584a8c89cd48299c4de) Importer(815301076,1909f56bfc062723c751e8b465ee728b)  -> (artifact id: 'ea30a8e2b07ba5293f7d3c67642e0c73') in 0.012731 seconds 
========================================================================
Received Import Request.
  Time since last request: 4.039686 seconds.
  path: Assets/Prefabs/Minigame/Levels/Level 1-4.prefab
  artifactKey: Guid(83c9e909a41be584a8c89cd48299c4de) Importer(815301076,1909f56bfc062723c751e8b465ee728b)
Start importing Assets/Prefabs/Minigame/Levels/Level 1-4.prefab using Guid(83c9e909a41be584a8c89cd48299c4de) Importer(815301076,1909f56bfc062723c751e8b465ee728b)  -> (artifact id: 'ea3fb099e594d8b6d82026460c077bb6') in 0.012041 seconds 
========================================================================
Received Import Request.
  Time since last request: 6.021375 seconds.
  path: Assets/Prefabs/Minigame/Levels/Level 1-4.prefab
  artifactKey: Guid(83c9e909a41be584a8c89cd48299c4de) Importer(815301076,1909f56bfc062723c751e8b465ee728b)
Start importing Assets/Prefabs/Minigame/Levels/Level 1-4.prefab using Guid(83c9e909a41be584a8c89cd48299c4de) Importer(815301076,1909f56bfc062723c751e8b465ee728b)  -> (artifact id: 'b2c9483e70452ce37747e09f983302cf') in 0.009198 seconds 
========================================================================
Received Import Request.
  Time since last request: 7.281593 seconds.
  path: Assets/Prefabs/Minigame/Levels/Level 1-4.prefab
  artifactKey: Guid(83c9e909a41be584a8c89cd48299c4de) Importer(815301076,1909f56bfc062723c751e8b465ee728b)
Start importing Assets/Prefabs/Minigame/Levels/Level 1-4.prefab using Guid(83c9e909a41be584a8c89cd48299c4de) Importer(815301076,1909f56bfc062723c751e8b465ee728b)  -> (artifact id: '3d6e2bc555f4611ec7232f93d6e24310') in 0.015265 seconds 
========================================================================
Received Import Request.
  Time since last request: 11.286531 seconds.
  path: Assets/Prefabs/Minigame/Levels/Level 1-4.prefab
  artifactKey: Guid(83c9e909a41be584a8c89cd48299c4de) Importer(815301076,1909f56bfc062723c751e8b465ee728b)
Start importing Assets/Prefabs/Minigame/Levels/Level 1-4.prefab using Guid(83c9e909a41be584a8c89cd48299c4de) Importer(815301076,1909f56bfc062723c751e8b465ee728b)  -> (artifact id: '75f5a76637249fe679cc194646c1832c') in 0.010240 seconds 
========================================================================
Received Import Request.
  Time since last request: 1.835780 seconds.
  path: Assets/Prefabs/Minigame/Levels/Level 1-4.prefab
  artifactKey: Guid(83c9e909a41be584a8c89cd48299c4de) Importer(815301076,1909f56bfc062723c751e8b465ee728b)
Start importing Assets/Prefabs/Minigame/Levels/Level 1-4.prefab using Guid(83c9e909a41be584a8c89cd48299c4de) Importer(815301076,1909f56bfc062723c751e8b465ee728b)  -> (artifact id: '79887d0350db00441a312b4b5a4ac8aa') in 0.009383 seconds 
========================================================================
Received Import Request.
  Time since last request: 3.875250 seconds.
  path: Assets/Prefabs/Minigame/Levels/Level 1-4.prefab
  artifactKey: Guid(83c9e909a41be584a8c89cd48299c4de) Importer(815301076,1909f56bfc062723c751e8b465ee728b)
Start importing Assets/Prefabs/Minigame/Levels/Level 1-4.prefab using Guid(83c9e909a41be584a8c89cd48299c4de) Importer(815301076,1909f56bfc062723c751e8b465ee728b)  -> (artifact id: '37b28f20c298429ada8de2229fd99f71') in 0.012148 seconds 
========================================================================
Received Import Request.
  Time since last request: 4.457821 seconds.
  path: Assets/Prefabs/Minigame/Levels/Level 1-4.prefab
  artifactKey: Guid(83c9e909a41be584a8c89cd48299c4de) Importer(815301076,1909f56bfc062723c751e8b465ee728b)
Start importing Assets/Prefabs/Minigame/Levels/Level 1-4.prefab using Guid(83c9e909a41be584a8c89cd48299c4de) Importer(815301076,1909f56bfc062723c751e8b465ee728b)  -> (artifact id: 'a5adc1055aba8270c4be75b11cbf140b') in 0.009221 seconds 
========================================================================
Received Import Request.
  Time since last request: 1.057509 seconds.
  path: Assets/Prefabs/Minigame/Levels/Level 1-4.prefab
  artifactKey: Guid(83c9e909a41be584a8c89cd48299c4de) Importer(815301076,1909f56bfc062723c751e8b465ee728b)
Start importing Assets/Prefabs/Minigame/Levels/Level 1-4.prefab using Guid(83c9e909a41be584a8c89cd48299c4de) Importer(815301076,1909f56bfc062723c751e8b465ee728b)  -> (artifact id: '5b3fe6dafe9f92a50a53cb65e0c2938b') in 0.015469 seconds 
========================================================================
Received Import Request.
  Time since last request: 2.392462 seconds.
  path: Assets/Prefabs/Minigame/Levels/Level 1-4.prefab
  artifactKey: Guid(83c9e909a41be584a8c89cd48299c4de) Importer(815301076,1909f56bfc062723c751e8b465ee728b)
Start importing Assets/Prefabs/Minigame/Levels/Level 1-4.prefab using Guid(83c9e909a41be584a8c89cd48299c4de) Importer(815301076,1909f56bfc062723c751e8b465ee728b)  -> (artifact id: '6ecaca9bee613f0bd12bf8604a183240') in 0.009557 seconds 
========================================================================
Received Import Request.
  Time since last request: 6.021441 seconds.
  path: Assets/Prefabs/Minigame/Levels/Level 1-4.prefab
  artifactKey: Guid(83c9e909a41be584a8c89cd48299c4de) Importer(815301076,1909f56bfc062723c751e8b465ee728b)
Start importing Assets/Prefabs/Minigame/Levels/Level 1-4.prefab using Guid(83c9e909a41be584a8c89cd48299c4de) Importer(815301076,1909f56bfc062723c751e8b465ee728b)  -> (artifact id: '3e47838bd2597d296dc6ffdea348bf3a') in 0.014067 seconds 
========================================================================
Received Import Request.
  Time since last request: 3.597127 seconds.
  path: Assets/Prefabs/Minigame/Levels/Level 1-4.prefab
  artifactKey: Guid(83c9e909a41be584a8c89cd48299c4de) Importer(815301076,1909f56bfc062723c751e8b465ee728b)
Start importing Assets/Prefabs/Minigame/Levels/Level 1-4.prefab using Guid(83c9e909a41be584a8c89cd48299c4de) Importer(815301076,1909f56bfc062723c751e8b465ee728b)  -> (artifact id: '9861df55b4f248b0c3d0ce2310ff587e') in 0.011850 seconds 
========================================================================
Received Import Request.
  Time since last request: 3.250214 seconds.
  path: Assets/Prefabs/Minigame/Levels/Level 1-4.prefab
  artifactKey: Guid(83c9e909a41be584a8c89cd48299c4de) Importer(815301076,1909f56bfc062723c751e8b465ee728b)
Start importing Assets/Prefabs/Minigame/Levels/Level 1-4.prefab using Guid(83c9e909a41be584a8c89cd48299c4de) Importer(815301076,1909f56bfc062723c751e8b465ee728b)  -> (artifact id: '4c05d5a8241573d2b63ae2ae4e0aef23') in 0.015253 seconds 
========================================================================
Received Import Request.
  Time since last request: 8.060117 seconds.
  path: Assets/Prefabs/Minigame/Levels/Level 1-4.prefab
  artifactKey: Guid(83c9e909a41be584a8c89cd48299c4de) Importer(815301076,1909f56bfc062723c751e8b465ee728b)
Start importing Assets/Prefabs/Minigame/Levels/Level 1-4.prefab using Guid(83c9e909a41be584a8c89cd48299c4de) Importer(815301076,1909f56bfc062723c751e8b465ee728b)  -> (artifact id: '09b64cb323b6b5125e24e7c5e0479299') in 0.010546 seconds 
========================================================================
Received Import Request.
  Time since last request: 23.803191 seconds.
  path: Assets/Prefabs/NPC/Wizard Willoughby/InteractableBase (2).prefab
  artifactKey: Guid(11b7c498176a7a740a965c2efed80532) Importer(815301076,1909f56bfc062723c751e8b465ee728b)
Start importing Assets/Prefabs/NPC/Wizard Willoughby/InteractableBase (2).prefab using Guid(11b7c498176a7a740a965c2efed80532) Importer(815301076,1909f56bfc062723c751e8b465ee728b)  -> (artifact id: 'ecda35d78009a2b97da654ab4360079b') in 0.264848 seconds 
========================================================================
Received Import Request.
  Time since last request: 20.148675 seconds.
  path: Assets/Prefabs/NPC/Wizard Willoughby/Wizard Willoughby.prefab
  artifactKey: Guid(11b7c498176a7a740a965c2efed80532) Importer(815301076,1909f56bfc062723c751e8b465ee728b)
Start importing Assets/Prefabs/NPC/Wizard Willoughby/Wizard Willoughby.prefab using Guid(11b7c498176a7a740a965c2efed80532) Importer(815301076,1909f56bfc062723c751e8b465ee728b)  -> (artifact id: '5267bd5700d9c450b627e6b6bc9aa279') in 0.033575 seconds 
========================================================================
Received Import Request.
  Time since last request: 472.145466 seconds.
  path: Assets/Prefabs/NPC/Little Jimothy/InteractableBase (1).prefab
  artifactKey: Guid(c44007d579d41bb48b9db12c4bd47381) Importer(815301076,1909f56bfc062723c751e8b465ee728b)
Start importing Assets/Prefabs/NPC/Little Jimothy/InteractableBase (1).prefab using Guid(c44007d579d41bb48b9db12c4bd47381) Importer(815301076,1909f56bfc062723c751e8b465ee728b)  -> (artifact id: 'bc67b7335d247dd6230da4d993f038fb') in 0.022620 seconds 
========================================================================
Received Import Request.
  Time since last request: 32.767541 seconds.
  path: Assets/Prefabs/NPC/Guard Gatsby
  artifactKey: Guid(754893b9ce88346459f5983bac6b4a13) Importer(815301076,1909f56bfc062723c751e8b465ee728b)
Start importing Assets/Prefabs/NPC/Guard Gatsby using Guid(754893b9ce88346459f5983bac6b4a13) Importer(815301076,1909f56bfc062723c751e8b465ee728b)  -> (artifact id: '9ddacddca64d078b7d15330e7c281b35') in 0.002515 seconds 
========================================================================
Received Import Request.
  Time since last request: 9.081545 seconds.
  path: Assets/Prefabs/NPC/Guard Gatsby/Guard Gatsby.prefab
  artifactKey: Guid(ea1c387cd8b8f864685305d2325fe644) Importer(815301076,1909f56bfc062723c751e8b465ee728b)
Start importing Assets/Prefabs/NPC/Guard Gatsby/Guard Gatsby.prefab using Guid(ea1c387cd8b8f864685305d2325fe644) Importer(815301076,1909f56bfc062723c751e8b465ee728b)  -> (artifact id: '380df702f407916aa4dce15892a188ea') in 0.032410 seconds 
========================================================================
Received Prepare
Registering precompiled user dll's ...
Registered in 0.016879 seconds.
Begin MonoManager ReloadAssembly
Symbol file LoadedFromMemory doesn't match image C:\Users\matth\Desktop\Unity Projects\MajorJam6Life\Major Jam 6 Life Submission\Library\PackageCache\com.unity.visualscripting@1.7.8\Editor\VisualScripting.Core\Dependencies\YamlDotNet\Unity.VisualScripting.YamlDotNet.dll
Symbol file LoadedFromMemory doesn't match image C:\Users\matth\Desktop\Unity Projects\MajorJam6Life\Major Jam 6 Life Submission\Library\PackageCache\com.unity.visualscripting@1.7.8\Editor\VisualScripting.Core\Dependencies\DotNetZip\Unity.VisualScripting.IonicZip.dll
Native extension for WindowsStandalone target not found
Refreshing native plugins compatible for Editor in 0.95 ms, found 3 plugins.
Preloading 0 native plugins for Editor in 0.00 ms.
Mono: successfully reloaded assembly
- Completed reload, in  1.398 seconds
Domain Reload Profiling:
	ReloadAssembly (1399ms)
		BeginReloadAssembly (154ms)
			ExecutionOrderSort (0ms)
			DisableScriptedObjects (8ms)
			BackupInstance (0ms)
			ReleaseScriptingObjects (0ms)
			CreateAndSetChildDomain (44ms)
		EndReloadAssembly (1122ms)
			LoadAssemblies (108ms)
			RebuildTransferFunctionScriptingTraits (0ms)
			SetupTypeCache (338ms)
			ReleaseScriptCaches (2ms)
			RebuildScriptCaches (58ms)
			SetupLoadedEditorAssemblies (501ms)
				LogAssemblyErrors (0ms)
				InitializePlatformSupportModulesInManaged (15ms)
				SetLoadedEditorAssemblies (1ms)
				RefreshPlugins (1ms)
				BeforeProcessingInitializeOnLoad (97ms)
				ProcessInitializeOnLoadAttributes (270ms)
				ProcessInitializeOnLoadMethodAttributes (104ms)
				AfterProcessingInitializeOnLoad (12ms)
				EditorAssembliesLoaded (0ms)
			ExecutionOrderSort2 (0ms)
			AwakeInstancesAfterBackupRestoration (28ms)
Platform modules already initialized, skipping
Refreshing native plugins compatible for Editor in 3.06 ms, found 3 plugins.
Preloading 0 native plugins for Editor in 0.00 ms.
Unloading 4976 Unused Serialized files (Serialized files now loaded: 0)
Unloading 37 unused Assets / (1.0 MB). Loaded Objects now: 5599.
Memory consumption went from 200.2 MB to 199.1 MB.
Total: 4.628800 ms (FindLiveObjects: 0.423500 ms CreateObjectMapping: 0.388900 ms MarkObjects: 3.257300 ms  DeleteObjects: 0.558100 ms)

AssetImportParameters requested are different than current active one (requested -> active):
  custom:video-decoder-ogg-theora: a1e56fd34408186e4bbccfd4996cb3dc -> 
  custom:container-muxer-webm: aa71ff27fc2769a1b78a27578f13a17b -> 
  custom:container-demuxer-webm: 4f35f7cbe854078d1ac9338744f61a02 -> 
  custom:video-encoder-webm-vp8: eb34c28f22e8b96e1ab97ce403110664 -> 
  custom:audio-encoder-webm-vorbis: bf7c407c2cedff20999df2af8eb42d56 -> 
  custom:framework-win-MediaFoundation: 216162199b28c13a410421893ffa2e32 -> 
  custom:container-demuxer-ogg: 62fdf1f143b41e24485cea50d1cbac27 -> 
  custom:video-decoder-webm-vp8: 9c59270c3fd7afecdb556c50c9e8de78 -> 
  custom:audio-decoder-ogg-vorbis: bf7c407c2cedff20999df2af8eb42d56 -> 
========================================================================
Received Import Request.
  Time since last request: 68.662296 seconds.
  path: Assets/Prefabs/Minigame/Levels/Level 1-4.prefab
  artifactKey: Guid(83c9e909a41be584a8c89cd48299c4de) Importer(815301076,1909f56bfc062723c751e8b465ee728b)
Start importing Assets/Prefabs/Minigame/Levels/Level 1-4.prefab using Guid(83c9e909a41be584a8c89cd48299c4de) Importer(815301076,1909f56bfc062723c751e8b465ee728b)  -> (artifact id: '449ca14df4541156bf8780885714589d') in 0.050744 seconds 
========================================================================
Received Import Request.
  Time since last request: 3.337357 seconds.
  path: Assets/Prefabs/Minigame/Levels/Level 1-4.prefab
  artifactKey: Guid(83c9e909a41be584a8c89cd48299c4de) Importer(815301076,1909f56bfc062723c751e8b465ee728b)
Start importing Assets/Prefabs/Minigame/Levels/Level 1-4.prefab using Guid(83c9e909a41be584a8c89cd48299c4de) Importer(815301076,1909f56bfc062723c751e8b465ee728b)  -> (artifact id: '2eee44f20128905406b3eca35e8f4cbc') in 0.015038 seconds 
========================================================================
Received Import Request.
  Time since last request: 11.878546 seconds.
  path: Assets/Prefabs/Minigame/Levels/Level 1-4.prefab
  artifactKey: Guid(83c9e909a41be584a8c89cd48299c4de) Importer(815301076,1909f56bfc062723c751e8b465ee728b)
Start importing Assets/Prefabs/Minigame/Levels/Level 1-4.prefab using Guid(83c9e909a41be584a8c89cd48299c4de) Importer(815301076,1909f56bfc062723c751e8b465ee728b)  -> (artifact id: '194172150d0d94b24bf1372796ff4079') in 0.009681 seconds 
========================================================================
Received Import Request.
  Time since last request: 9.671298 seconds.
  path: Assets/Prefabs/Minigame/Levels/Level 1-4.prefab
  artifactKey: Guid(83c9e909a41be584a8c89cd48299c4de) Importer(815301076,1909f56bfc062723c751e8b465ee728b)
Start importing Assets/Prefabs/Minigame/Levels/Level 1-4.prefab using Guid(83c9e909a41be584a8c89cd48299c4de) Importer(815301076,1909f56bfc062723c751e8b465ee728b)  -> (artifact id: '7a6d3b8527b1e618bd6e005a4313d7a4') in 0.011938 seconds 
========================================================================
Received Import Request.
  Time since last request: 3.845138 seconds.
  path: Assets/Prefabs/Minigame/Levels/Level 1-4.prefab
  artifactKey: Guid(83c9e909a41be584a8c89cd48299c4de) Importer(815301076,1909f56bfc062723c751e8b465ee728b)
Start importing Assets/Prefabs/Minigame/Levels/Level 1-4.prefab using Guid(83c9e909a41be584a8c89cd48299c4de) Importer(815301076,1909f56bfc062723c751e8b465ee728b)  -> (artifact id: '529f7271ef51bafb70edcdbcf519c5f5') in 0.012699 seconds 
========================================================================
Received Import Request.
  Time since last request: 10.429510 seconds.
  path: Assets/Prefabs/Minigame/Levels/Level 1-4.prefab
  artifactKey: Guid(83c9e909a41be584a8c89cd48299c4de) Importer(815301076,1909f56bfc062723c751e8b465ee728b)
Start importing Assets/Prefabs/Minigame/Levels/Level 1-4.prefab using Guid(83c9e909a41be584a8c89cd48299c4de) Importer(815301076,1909f56bfc062723c751e8b465ee728b)  -> (artifact id: '1a63aed3360358cadc1619ed36e9fc48') in 0.013057 seconds 
========================================================================
Received Prepare
Registering precompiled user dll's ...
Registered in 0.009357 seconds.
Begin MonoManager ReloadAssembly
Symbol file LoadedFromMemory doesn't match image C:\Users\matth\Desktop\Unity Projects\MajorJam6Life\Major Jam 6 Life Submission\Library\PackageCache\com.unity.visualscripting@1.7.8\Editor\VisualScripting.Core\Dependencies\YamlDotNet\Unity.VisualScripting.YamlDotNet.dll
Symbol file LoadedFromMemory doesn't match image C:\Users\matth\Desktop\Unity Projects\MajorJam6Life\Major Jam 6 Life Submission\Library\PackageCache\com.unity.visualscripting@1.7.8\Editor\VisualScripting.Core\Dependencies\DotNetZip\Unity.VisualScripting.IonicZip.dll
Native extension for WindowsStandalone target not found
Refreshing native plugins compatible for Editor in 1.19 ms, found 3 plugins.
Preloading 0 native plugins for Editor in 0.00 ms.
Mono: successfully reloaded assembly
- Completed reload, in  1.409 seconds
Domain Reload Profiling:
	ReloadAssembly (1410ms)
		BeginReloadAssembly (158ms)
			ExecutionOrderSort (0ms)
			DisableScriptedObjects (7ms)
			BackupInstance (0ms)
			ReleaseScriptingObjects (0ms)
			CreateAndSetChildDomain (46ms)
		EndReloadAssembly (1135ms)
			LoadAssemblies (119ms)
			RebuildTransferFunctionScriptingTraits (0ms)
			SetupTypeCache (340ms)
			ReleaseScriptCaches (2ms)
			RebuildScriptCaches (55ms)
			SetupLoadedEditorAssemblies (519ms)
				LogAssemblyErrors (0ms)
				InitializePlatformSupportModulesInManaged (14ms)
				SetLoadedEditorAssemblies (0ms)
				RefreshPlugins (1ms)
				BeforeProcessingInitializeOnLoad (116ms)
				ProcessInitializeOnLoadAttributes (275ms)
				ProcessInitializeOnLoadMethodAttributes (100ms)
				AfterProcessingInitializeOnLoad (11ms)
				EditorAssembliesLoaded (0ms)
			ExecutionOrderSort2 (0ms)
			AwakeInstancesAfterBackupRestoration (23ms)
Platform modules already initialized, skipping
Refreshing native plugins compatible for Editor in 4.04 ms, found 3 plugins.
Preloading 0 native plugins for Editor in 0.00 ms.
Unloading 4977 Unused Serialized files (Serialized files now loaded: 0)
Unloading 37 unused Assets / (1.0 MB). Loaded Objects now: 5602.
Memory consumption went from 200.3 MB to 199.2 MB.
Total: 5.875000 ms (FindLiveObjects: 1.065400 ms CreateObjectMapping: 0.843300 ms MarkObjects: 3.469900 ms  DeleteObjects: 0.495000 ms)

AssetImportParameters requested are different than current active one (requested -> active):
  custom:video-decoder-ogg-theora: a1e56fd34408186e4bbccfd4996cb3dc -> 
  custom:container-muxer-webm: aa71ff27fc2769a1b78a27578f13a17b -> 
  custom:container-demuxer-webm: 4f35f7cbe854078d1ac9338744f61a02 -> 
  custom:video-encoder-webm-vp8: eb34c28f22e8b96e1ab97ce403110664 -> 
  custom:audio-encoder-webm-vorbis: bf7c407c2cedff20999df2af8eb42d56 -> 
  custom:framework-win-MediaFoundation: 216162199b28c13a410421893ffa2e32 -> 
  custom:container-demuxer-ogg: 62fdf1f143b41e24485cea50d1cbac27 -> 
  custom:video-decoder-webm-vp8: 9c59270c3fd7afecdb556c50c9e8de78 -> 
  custom:audio-decoder-ogg-vorbis: bf7c407c2cedff20999df2af8eb42d56 -> 
========================================================================
Received Import Request.
  Time since last request: 48.876507 seconds.
  path: Assets/Prefabs/Minigame/Levels/Level 1-4.prefab
  artifactKey: Guid(83c9e909a41be584a8c89cd48299c4de) Importer(815301076,1909f56bfc062723c751e8b465ee728b)
Start importing Assets/Prefabs/Minigame/Levels/Level 1-4.prefab using Guid(83c9e909a41be584a8c89cd48299c4de) Importer(815301076,1909f56bfc062723c751e8b465ee728b)  -> (artifact id: 'e62707ae573e5182b204c901f8c84eb4') in 0.047123 seconds 
========================================================================
Received Import Request.
  Time since last request: 3.133868 seconds.
  path: Assets/Prefabs/Minigame/Levels/Level 1-4.prefab
  artifactKey: Guid(83c9e909a41be584a8c89cd48299c4de) Importer(815301076,1909f56bfc062723c751e8b465ee728b)
Start importing Assets/Prefabs/Minigame/Levels/Level 1-4.prefab using Guid(83c9e909a41be584a8c89cd48299c4de) Importer(815301076,1909f56bfc062723c751e8b465ee728b)  -> (artifact id: '620703a76a0b8bcb99100486ca9bd03f') in 0.012295 seconds 
========================================================================
Received Import Request.
  Time since last request: 17.999646 seconds.
  path: Assets/Prefabs/Minigame/Levels/Level 1-4.prefab
  artifactKey: Guid(83c9e909a41be584a8c89cd48299c4de) Importer(815301076,1909f56bfc062723c751e8b465ee728b)
Start importing Assets/Prefabs/Minigame/Levels/Level 1-4.prefab using Guid(83c9e909a41be584a8c89cd48299c4de) Importer(815301076,1909f56bfc062723c751e8b465ee728b)  -> (artifact id: '78444429052ce0ae22429abb068cc123') in 0.009800 seconds 
========================================================================
Received Import Request.
  Time since last request: 3.446720 seconds.
  path: Assets/Prefabs/Minigame/Levels/Level 1-4.prefab
  artifactKey: Guid(83c9e909a41be584a8c89cd48299c4de) Importer(815301076,1909f56bfc062723c751e8b465ee728b)
Start importing Assets/Prefabs/Minigame/Levels/Level 1-4.prefab using Guid(83c9e909a41be584a8c89cd48299c4de) Importer(815301076,1909f56bfc062723c751e8b465ee728b)  -> (artifact id: '9ada092aa0e3ee85300df51f0f754f77') in 0.017341 seconds 
========================================================================
Received Prepare
Registering precompiled user dll's ...
Registered in 0.008747 seconds.
Begin MonoManager ReloadAssembly
Symbol file LoadedFromMemory doesn't match image C:\Users\matth\Desktop\Unity Projects\MajorJam6Life\Major Jam 6 Life Submission\Library\PackageCache\com.unity.visualscripting@1.7.8\Editor\VisualScripting.Core\Dependencies\YamlDotNet\Unity.VisualScripting.YamlDotNet.dll
Symbol file LoadedFromMemory doesn't match image C:\Users\matth\Desktop\Unity Projects\MajorJam6Life\Major Jam 6 Life Submission\Library\PackageCache\com.unity.visualscripting@1.7.8\Editor\VisualScripting.Core\Dependencies\DotNetZip\Unity.VisualScripting.IonicZip.dll
Native extension for WindowsStandalone target not found
Refreshing native plugins compatible for Editor in 0.98 ms, found 3 plugins.
Preloading 0 native plugins for Editor in 0.00 ms.
Mono: successfully reloaded assembly
- Completed reload, in  1.488 seconds
Domain Reload Profiling:
	ReloadAssembly (1489ms)
		BeginReloadAssembly (145ms)
			ExecutionOrderSort (0ms)
			DisableScriptedObjects (5ms)
			BackupInstance (0ms)
			ReleaseScriptingObjects (0ms)
			CreateAndSetChildDomain (43ms)
		EndReloadAssembly (1224ms)
			LoadAssemblies (107ms)
			RebuildTransferFunctionScriptingTraits (0ms)
			SetupTypeCache (357ms)
			ReleaseScriptCaches (3ms)
			RebuildScriptCaches (64ms)
			SetupLoadedEditorAssemblies (570ms)
				LogAssemblyErrors (0ms)
				InitializePlatformSupportModulesInManaged (17ms)
				SetLoadedEditorAssemblies (1ms)
				RefreshPlugins (1ms)
				BeforeProcessingInitializeOnLoad (121ms)
				ProcessInitializeOnLoadAttributes (309ms)
				ProcessInitializeOnLoadMethodAttributes (108ms)
				AfterProcessingInitializeOnLoad (14ms)
				EditorAssembliesLoaded (0ms)
			ExecutionOrderSort2 (0ms)
			AwakeInstancesAfterBackupRestoration (22ms)
Platform modules already initialized, skipping
Refreshing native plugins compatible for Editor in 4.24 ms, found 3 plugins.
Preloading 0 native plugins for Editor in 0.00 ms.
Unloading 4977 Unused Serialized files (Serialized files now loaded: 0)
Unloading 37 unused Assets / (1.1 MB). Loaded Objects now: 5605.
Memory consumption went from 200.3 MB to 199.2 MB.
Total: 4.695800 ms (FindLiveObjects: 0.624200 ms CreateObjectMapping: 0.815700 ms MarkObjects: 2.742400 ms  DeleteObjects: 0.512500 ms)

AssetImportParameters requested are different than current active one (requested -> active):
  custom:video-decoder-ogg-theora: a1e56fd34408186e4bbccfd4996cb3dc -> 
  custom:container-muxer-webm: aa71ff27fc2769a1b78a27578f13a17b -> 
  custom:container-demuxer-webm: 4f35f7cbe854078d1ac9338744f61a02 -> 
  custom:video-encoder-webm-vp8: eb34c28f22e8b96e1ab97ce403110664 -> 
  custom:audio-encoder-webm-vorbis: bf7c407c2cedff20999df2af8eb42d56 -> 
  custom:framework-win-MediaFoundation: 216162199b28c13a410421893ffa2e32 -> 
  custom:container-demuxer-ogg: 62fdf1f143b41e24485cea50d1cbac27 -> 
  custom:video-decoder-webm-vp8: 9c59270c3fd7afecdb556c50c9e8de78 -> 
  custom:audio-decoder-ogg-vorbis: bf7c407c2cedff20999df2af8eb42d56 -> 
