Using pre-set license
Built from '2021.3/staging' branch; Version is '2021.3.9f1 (ad3870b89536) revision 11352176'; Using compiler version '192829333'; Build Type 'Release'
OS: 'Windows 10  (10.0.19045) 64bit Core' Language: 'en' Physical Memory: 16248 MB
BatchMode: 1, IsHumanControllingUs: 0, StartBugReporterOnCrash: 0, Is64bit: 1, IsPro: 1

COMMAND LINE ARGUMENTS:
C:\Program Files\Unity\Hub\Editor\2021.3.9f1\Editor\Unity.exe
-adb2
-batchMode
-noUpm
-name
AssetImportWorker2
-projectPath
C:/Users/matth/Desktop/Unity Projects/MajorJam6Life/Major Jam 6 Life Submission
-logFile
Logs/AssetImportWorker2.log
-srvPort
51454
Successfully changed project path to: C:/Users/matth/Desktop/Unity Projects/MajorJam6Life/Major Jam 6 Life Submission
C:/Users/matth/Desktop/Unity Projects/MajorJam6Life/Major Jam 6 Life Submission
[UnityMemory] Configuration Parameters - Can be set up in boot.config
    "memorysetup-bucket-allocator-granularity=16"
    "memorysetup-bucket-allocator-bucket-count=8"
    "memorysetup-bucket-allocator-block-size=33554432"
    "memorysetup-bucket-allocator-block-count=8"
    "memorysetup-main-allocator-block-size=16777216"
    "memorysetup-thread-allocator-block-size=16777216"
    "memorysetup-gfx-main-allocator-block-size=16777216"
    "memorysetup-gfx-thread-allocator-block-size=16777216"
    "memorysetup-cache-allocator-block-size=4194304"
    "memorysetup-typetree-allocator-block-size=2097152"
    "memorysetup-profiler-bucket-allocator-granularity=16"
    "memorysetup-profiler-bucket-allocator-bucket-count=8"
    "memorysetup-profiler-bucket-allocator-block-size=33554432"
    "memorysetup-profiler-bucket-allocator-block-count=8"
    "memorysetup-profiler-allocator-block-size=16777216"
    "memorysetup-profiler-editor-allocator-block-size=1048576"
    "memorysetup-temp-allocator-size-main=16777216"
    "memorysetup-job-temp-allocator-block-size=2097152"
    "memorysetup-job-temp-allocator-block-size-background=1048576"
    "memorysetup-job-temp-allocator-reduction-small-platforms=262144"
    "memorysetup-temp-allocator-size-background-worker=32768"
    "memorysetup-temp-allocator-size-job-worker=262144"
    "memorysetup-temp-allocator-size-preload-manager=33554432"
    "memorysetup-temp-allocator-size-nav-mesh-worker=65536"
    "memorysetup-temp-allocator-size-audio-worker=65536"
    "memorysetup-temp-allocator-size-cloud-worker=32768"
    "memorysetup-temp-allocator-size-gi-baking-worker=262144"
    "memorysetup-temp-allocator-size-gfx=262144"
Refreshing native plugins compatible for Editor in 121.16 ms, found 3 plugins.
Preloading 0 native plugins for Editor in 0.00 ms.
Initialize engine version: 2021.3.9f1 (ad3870b89536)
[Subsystems] Discovering subsystems at path C:/Program Files/Unity/Hub/Editor/2021.3.9f1/Editor/Data/Resources/UnitySubsystems
[Subsystems] Discovering subsystems at path C:/Users/matth/Desktop/Unity Projects/MajorJam6Life/Major Jam 6 Life Submission/Assets
GfxDevice: creating device client; threaded=0; jobified=0
Direct3D:
    Version:  Direct3D 11.0 [level 11.1]
    Renderer: NVIDIA GeForce GTX 1660 Ti (ID=0x2191)
    Vendor:   NVIDIA
    VRAM:     5979 MB
    Driver:   31.0.15.2698
Initialize mono
Mono path[0] = 'C:/Program Files/Unity/Hub/Editor/2021.3.9f1/Editor/Data/Managed'
Mono path[1] = 'C:/Program Files/Unity/Hub/Editor/2021.3.9f1/Editor/Data/MonoBleedingEdge/lib/mono/unityjit-win32'
Mono config path = 'C:/Program Files/Unity/Hub/Editor/2021.3.9f1/Editor/Data/MonoBleedingEdge/etc'
Using monoOptions --debugger-agent=transport=dt_socket,embedding=1,server=y,suspend=n,address=127.0.0.1:56856
Begin MonoManager ReloadAssembly
Registering precompiled unity dll's ...
Register platform support module: C:/Program Files/Unity/Hub/Editor/2021.3.9f1/Editor/Data/PlaybackEngines/WindowsStandaloneSupport/UnityEditor.WindowsStandalone.Extensions.dll
Registered in 0.009603 seconds.
Native extension for WindowsStandalone target not found
Refreshing native plugins compatible for Editor in 146.38 ms, found 3 plugins.
Preloading 0 native plugins for Editor in 0.00 ms.
Mono: successfully reloaded assembly
- Completed reload, in  0.888 seconds
Domain Reload Profiling:
	ReloadAssembly (888ms)
		BeginReloadAssembly (89ms)
			ExecutionOrderSort (0ms)
			DisableScriptedObjects (0ms)
			BackupInstance (0ms)
			ReleaseScriptingObjects (0ms)
			CreateAndSetChildDomain (1ms)
		EndReloadAssembly (660ms)
			LoadAssemblies (86ms)
			RebuildTransferFunctionScriptingTraits (0ms)
			SetupTypeCache (162ms)
			ReleaseScriptCaches (0ms)
			RebuildScriptCaches (36ms)
			SetupLoadedEditorAssemblies (389ms)
				LogAssemblyErrors (0ms)
				InitializePlatformSupportModulesInManaged (14ms)
				SetLoadedEditorAssemblies (0ms)
				RefreshPlugins (147ms)
				BeforeProcessingInitializeOnLoad (1ms)
				ProcessInitializeOnLoadAttributes (173ms)
				ProcessInitializeOnLoadMethodAttributes (54ms)
				AfterProcessingInitializeOnLoad (0ms)
				EditorAssembliesLoaded (0ms)
			ExecutionOrderSort2 (0ms)
			AwakeInstancesAfterBackupRestoration (0ms)
Platform modules already initialized, skipping
Registering precompiled user dll's ...
Registered in 0.011597 seconds.
Begin MonoManager ReloadAssembly
Symbol file LoadedFromMemory doesn't match image C:\Users\matth\Desktop\Unity Projects\MajorJam6Life\Major Jam 6 Life Submission\Library\PackageCache\com.unity.visualscripting@1.7.8\Editor\VisualScripting.Core\Dependencies\YamlDotNet\Unity.VisualScripting.YamlDotNet.dll
Symbol file LoadedFromMemory doesn't match image C:\Users\matth\Desktop\Unity Projects\MajorJam6Life\Major Jam 6 Life Submission\Library\PackageCache\com.unity.visualscripting@1.7.8\Editor\VisualScripting.Core\Dependencies\DotNetZip\Unity.VisualScripting.IonicZip.dll
Native extension for WindowsStandalone target not found
Refreshing native plugins compatible for Editor in 125.92 ms, found 3 plugins.
Preloading 0 native plugins for Editor in 0.00 ms.
Mono: successfully reloaded assembly
- Completed reload, in  1.524 seconds
Domain Reload Profiling:
	ReloadAssembly (1525ms)
		BeginReloadAssembly (144ms)
			ExecutionOrderSort (0ms)
			DisableScriptedObjects (6ms)
			BackupInstance (0ms)
			ReleaseScriptingObjects (0ms)
			CreateAndSetChildDomain (28ms)
		EndReloadAssembly (1240ms)
			LoadAssemblies (110ms)
			RebuildTransferFunctionScriptingTraits (0ms)
			SetupTypeCache (334ms)
			ReleaseScriptCaches (1ms)
			RebuildScriptCaches (69ms)
			SetupLoadedEditorAssemblies (675ms)
				LogAssemblyErrors (0ms)
				InitializePlatformSupportModulesInManaged (7ms)
				SetLoadedEditorAssemblies (0ms)
				RefreshPlugins (126ms)
				BeforeProcessingInitializeOnLoad (130ms)
				ProcessInitializeOnLoadAttributes (301ms)
				ProcessInitializeOnLoadMethodAttributes (100ms)
				AfterProcessingInitializeOnLoad (11ms)
				EditorAssembliesLoaded (0ms)
			ExecutionOrderSort2 (0ms)
			AwakeInstancesAfterBackupRestoration (7ms)
Platform modules already initialized, skipping
========================================================================
Worker process is ready to serve import requests
Launched and connected shader compiler UnityShaderCompiler.exe after 0.04 seconds
Refreshing native plugins compatible for Editor in 1.95 ms, found 3 plugins.
Preloading 0 native plugins for Editor in 0.00 ms.
Unloading 5095 Unused Serialized files (Serialized files now loaded: 0)
Unloading 44 unused Assets / (1.1 MB). Loaded Objects now: 5537.
Memory consumption went from 201.6 MB to 200.5 MB.
Total: 5.065300 ms (FindLiveObjects: 0.434300 ms CreateObjectMapping: 0.488300 ms MarkObjects: 3.644100 ms  DeleteObjects: 0.497600 ms)

AssetImportParameters requested are different than current active one (requested -> active):
  custom:video-decoder-ogg-theora: a1e56fd34408186e4bbccfd4996cb3dc -> 
  custom:container-muxer-webm: aa71ff27fc2769a1b78a27578f13a17b -> 
  custom:container-demuxer-webm: 4f35f7cbe854078d1ac9338744f61a02 -> 
  custom:video-encoder-webm-vp8: eb34c28f22e8b96e1ab97ce403110664 -> 
  custom:audio-encoder-webm-vorbis: bf7c407c2cedff20999df2af8eb42d56 -> 
  custom:framework-win-MediaFoundation: 216162199b28c13a410421893ffa2e32 -> 
  custom:container-demuxer-ogg: 62fdf1f143b41e24485cea50d1cbac27 -> 
  custom:video-decoder-webm-vp8: 9c59270c3fd7afecdb556c50c9e8de78 -> 
  custom:audio-decoder-ogg-vorbis: bf7c407c2cedff20999df2af8eb42d56 -> 
========================================================================
Received Import Request.
  Time since last request: 261580.815490 seconds.
  path: Assets/Prefabs/Minigame/Animation Controllers/ShooterAnims/ShootAnim.controller
  artifactKey: Guid(28e2128810cd90c4b84c0998ab1e5b25) Importer(815301076,1909f56bfc062723c751e8b465ee728b)
Start importing Assets/Prefabs/Minigame/Animation Controllers/ShooterAnims/ShootAnim.controller using Guid(28e2128810cd90c4b84c0998ab1e5b25) Importer(815301076,1909f56bfc062723c751e8b465ee728b)  -> (artifact id: '1a61f407b78a528bcb136f11aa417f50') in 0.041025 seconds 
========================================================================
Received Import Request.
  Time since last request: 7.480517 seconds.
  path: Assets/Prefabs/Minigame/Objects/ArcherShooter.prefab
  artifactKey: Guid(c3b5075c8a869f041882e88743254553) Importer(815301076,1909f56bfc062723c751e8b465ee728b)
Start importing Assets/Prefabs/Minigame/Objects/ArcherShooter.prefab using Guid(c3b5075c8a869f041882e88743254553) Importer(815301076,1909f56bfc062723c751e8b465ee728b)  -> (artifact id: 'b9a8300ba4d304aa8e73744d7a9f33c6') in 0.034510 seconds 
========================================================================
Received Import Request.
  Time since last request: 25.074537 seconds.
  path: Assets/Prefabs/Minigame/Animation Controllers/ShooterAnims/trapAnim.overrideController
  artifactKey: Guid(b8e7bd0ddca91d64e83317bcdbe88629) Importer(815301076,1909f56bfc062723c751e8b465ee728b)
Start importing Assets/Prefabs/Minigame/Animation Controllers/ShooterAnims/trapAnim.overrideController using Guid(b8e7bd0ddca91d64e83317bcdbe88629) Importer(815301076,1909f56bfc062723c751e8b465ee728b)  -> (artifact id: '8c419404c2c2ccdb78fdd19d61b79d47') in 0.004439 seconds 
========================================================================
Received Import Request.
  Time since last request: 11.717038 seconds.
  path: Assets/Prefabs/Minigame/Objects/WizardShooter 1.prefab
  artifactKey: Guid(d5b878e7d767528409aff22c9c190643) Importer(815301076,1909f56bfc062723c751e8b465ee728b)
Start importing Assets/Prefabs/Minigame/Objects/WizardShooter 1.prefab using Guid(d5b878e7d767528409aff22c9c190643) Importer(815301076,1909f56bfc062723c751e8b465ee728b)  -> (artifact id: 'd5ec9dc4455ffa108cbe996ce45475bb') in 0.008563 seconds 
========================================================================
Received Import Request.
  Time since last request: 10.207609 seconds.
  path: Assets/Prefabs/Minigame/Objects/TrapShooter.prefab
  artifactKey: Guid(d5b878e7d767528409aff22c9c190643) Importer(815301076,1909f56bfc062723c751e8b465ee728b)
Start importing Assets/Prefabs/Minigame/Objects/TrapShooter.prefab using Guid(d5b878e7d767528409aff22c9c190643) Importer(815301076,1909f56bfc062723c751e8b465ee728b)  -> (artifact id: 'd716596a993b93ab3f51fcd15c859594') in 0.008908 seconds 
========================================================================
Received Import Request.
  Time since last request: 6.302822 seconds.
  path: Assets/Prefabs/Minigame/Objects/TrapShooter.prefab
  artifactKey: Guid(d5b878e7d767528409aff22c9c190643) Importer(815301076,1909f56bfc062723c751e8b465ee728b)
Start importing Assets/Prefabs/Minigame/Objects/TrapShooter.prefab using Guid(d5b878e7d767528409aff22c9c190643) Importer(815301076,1909f56bfc062723c751e8b465ee728b)  -> (artifact id: '8d338e9f485b854b69e4d68c9012e06b') in 0.007464 seconds 
========================================================================
Received Import Request.
  Time since last request: 24.095057 seconds.
  path: Assets/Sprites/hazardSheet.png
  artifactKey: Guid(50d7cafc5aa9c9b4dbad0accc0375a32) Importer(815301076,1909f56bfc062723c751e8b465ee728b)
Start importing Assets/Sprites/hazardSheet.png using Guid(50d7cafc5aa9c9b4dbad0accc0375a32) Importer(815301076,1909f56bfc062723c751e8b465ee728b)  -> (artifact id: 'f06b93cfa30e4c9af20c3859d70140f9') in 0.129334 seconds 
========================================================================
Received Import Request.
  Time since last request: 38.469337 seconds.
  path: Assets/Prefabs/Minigame/Animation Controllers/ShooterAnims/trapShoot.anim
  artifactKey: Guid(b1386329e0a49e14ea3b9cc1061427f5) Importer(815301076,1909f56bfc062723c751e8b465ee728b)
Start importing Assets/Prefabs/Minigame/Animation Controllers/ShooterAnims/trapShoot.anim using Guid(b1386329e0a49e14ea3b9cc1061427f5) Importer(815301076,1909f56bfc062723c751e8b465ee728b)  -> (artifact id: 'e92a271a16438fa5573fba98fc9e4bfe') in 0.005480 seconds 
========================================================================
Received Import Request.
  Time since last request: 69.743291 seconds.
  path: Assets/Prefabs/Minigame/Levels/Test Level.prefab
  artifactKey: Guid(64be0b8596dae7740aa4ac36c506f814) Importer(815301076,1909f56bfc062723c751e8b465ee728b)
Start importing Assets/Prefabs/Minigame/Levels/Test Level.prefab using Guid(64be0b8596dae7740aa4ac36c506f814) Importer(815301076,1909f56bfc062723c751e8b465ee728b)  -> (artifact id: '4a18dfd22ded5512842ed3e648bbb22e') in 0.012566 seconds 
========================================================================
Received Import Request.
  Time since last request: 17.706107 seconds.
  path: Assets/Prefabs/Minigame/Objects/TrapShooter.prefab
  artifactKey: Guid(d5b878e7d767528409aff22c9c190643) Importer(815301076,1909f56bfc062723c751e8b465ee728b)
Start importing Assets/Prefabs/Minigame/Objects/TrapShooter.prefab using Guid(d5b878e7d767528409aff22c9c190643) Importer(815301076,1909f56bfc062723c751e8b465ee728b)  -> (artifact id: '281162efa46e471d38142031adcbfc4f') in 0.007208 seconds 
========================================================================
Received Prepare
Registering precompiled user dll's ...
Registered in 0.010746 seconds.
Begin MonoManager ReloadAssembly
Symbol file LoadedFromMemory doesn't match image C:\Users\matth\Desktop\Unity Projects\MajorJam6Life\Major Jam 6 Life Submission\Library\PackageCache\com.unity.visualscripting@1.7.8\Editor\VisualScripting.Core\Dependencies\YamlDotNet\Unity.VisualScripting.YamlDotNet.dll
Symbol file LoadedFromMemory doesn't match image C:\Users\matth\Desktop\Unity Projects\MajorJam6Life\Major Jam 6 Life Submission\Library\PackageCache\com.unity.visualscripting@1.7.8\Editor\VisualScripting.Core\Dependencies\DotNetZip\Unity.VisualScripting.IonicZip.dll
Native extension for WindowsStandalone target not found
Refreshing native plugins compatible for Editor in 1.04 ms, found 3 plugins.
Preloading 0 native plugins for Editor in 0.00 ms.
Mono: successfully reloaded assembly
- Completed reload, in  1.452 seconds
Domain Reload Profiling:
	ReloadAssembly (1453ms)
		BeginReloadAssembly (155ms)
			ExecutionOrderSort (0ms)
			DisableScriptedObjects (6ms)
			BackupInstance (0ms)
			ReleaseScriptingObjects (0ms)
			CreateAndSetChildDomain (48ms)
		EndReloadAssembly (1161ms)
			LoadAssemblies (113ms)
			RebuildTransferFunctionScriptingTraits (0ms)
			SetupTypeCache (344ms)
			ReleaseScriptCaches (2ms)
			RebuildScriptCaches (60ms)
			SetupLoadedEditorAssemblies (565ms)
				LogAssemblyErrors (0ms)
				InitializePlatformSupportModulesInManaged (17ms)
				SetLoadedEditorAssemblies (1ms)
				RefreshPlugins (1ms)
				BeforeProcessingInitializeOnLoad (103ms)
				ProcessInitializeOnLoadAttributes (315ms)
				ProcessInitializeOnLoadMethodAttributes (112ms)
				AfterProcessingInitializeOnLoad (16ms)
				EditorAssembliesLoaded (1ms)
			ExecutionOrderSort2 (0ms)
			AwakeInstancesAfterBackupRestoration (21ms)
Platform modules already initialized, skipping
Refreshing native plugins compatible for Editor in 3.08 ms, found 3 plugins.
Preloading 0 native plugins for Editor in 0.00 ms.
Unloading 4969 Unused Serialized files (Serialized files now loaded: 0)
Unloading 37 unused Assets / (1.1 MB). Loaded Objects now: 5561.
Memory consumption went from 197.1 MB to 196.1 MB.
Total: 4.005800 ms (FindLiveObjects: 0.381900 ms CreateObjectMapping: 0.292800 ms MarkObjects: 2.915200 ms  DeleteObjects: 0.414900 ms)

AssetImportParameters requested are different than current active one (requested -> active):
  custom:video-decoder-ogg-theora: a1e56fd34408186e4bbccfd4996cb3dc -> 
  custom:container-muxer-webm: aa71ff27fc2769a1b78a27578f13a17b -> 
  custom:container-demuxer-webm: 4f35f7cbe854078d1ac9338744f61a02 -> 
  custom:video-encoder-webm-vp8: eb34c28f22e8b96e1ab97ce403110664 -> 
  custom:audio-encoder-webm-vorbis: bf7c407c2cedff20999df2af8eb42d56 -> 
  custom:framework-win-MediaFoundation: 216162199b28c13a410421893ffa2e32 -> 
  custom:container-demuxer-ogg: 62fdf1f143b41e24485cea50d1cbac27 -> 
  custom:video-decoder-webm-vp8: 9c59270c3fd7afecdb556c50c9e8de78 -> 
  custom:audio-decoder-ogg-vorbis: bf7c407c2cedff20999df2af8eb42d56 -> 
========================================================================
Received Import Request.
  Time since last request: 105.083236 seconds.
  path: Assets/Prefabs/Minigame/Objects/WizardShooter.prefab
  artifactKey: Guid(f04e23cd83ad8d243b72ff03b033bcdd) Importer(815301076,1909f56bfc062723c751e8b465ee728b)
Start importing Assets/Prefabs/Minigame/Objects/WizardShooter.prefab using Guid(f04e23cd83ad8d243b72ff03b033bcdd) Importer(815301076,1909f56bfc062723c751e8b465ee728b)  -> (artifact id: '9e523652262befdab8c7c352b0a09c57') in 0.046647 seconds 
========================================================================
Received Import Request.
  Time since last request: 1.153907 seconds.
  path: Assets/Prefabs/Minigame/Objects/WizardShooter.prefab
  artifactKey: Guid(f04e23cd83ad8d243b72ff03b033bcdd) Importer(815301076,1909f56bfc062723c751e8b465ee728b)
Start importing Assets/Prefabs/Minigame/Objects/WizardShooter.prefab using Guid(f04e23cd83ad8d243b72ff03b033bcdd) Importer(815301076,1909f56bfc062723c751e8b465ee728b)  -> (artifact id: '4f8bc1964d2caecce42e3d483e97796b') in 0.017275 seconds 
========================================================================
Received Import Request.
  Time since last request: 9.227184 seconds.
  path: Assets/Prefabs/Minigame/Levels/Test Level.prefab
  artifactKey: Guid(64be0b8596dae7740aa4ac36c506f814) Importer(815301076,1909f56bfc062723c751e8b465ee728b)
Start importing Assets/Prefabs/Minigame/Levels/Test Level.prefab using Guid(64be0b8596dae7740aa4ac36c506f814) Importer(815301076,1909f56bfc062723c751e8b465ee728b)  -> (artifact id: 'd6781adebcf9ead38307162a4e4a3a49') in 0.013374 seconds 
========================================================================
Received Import Request.
  Time since last request: 4.515910 seconds.
  path: Assets/Prefabs/Minigame/Levels/Test Level.prefab
  artifactKey: Guid(64be0b8596dae7740aa4ac36c506f814) Importer(815301076,1909f56bfc062723c751e8b465ee728b)
Start importing Assets/Prefabs/Minigame/Levels/Test Level.prefab using Guid(64be0b8596dae7740aa4ac36c506f814) Importer(815301076,1909f56bfc062723c751e8b465ee728b)  -> (artifact id: 'c701ac45027615cda4a690894813daa8') in 0.014068 seconds 
========================================================================
Received Prepare
Registering precompiled user dll's ...
Registered in 0.010199 seconds.
Begin MonoManager ReloadAssembly
Symbol file LoadedFromMemory doesn't match image C:\Users\matth\Desktop\Unity Projects\MajorJam6Life\Major Jam 6 Life Submission\Library\PackageCache\com.unity.visualscripting@1.7.8\Editor\VisualScripting.Core\Dependencies\YamlDotNet\Unity.VisualScripting.YamlDotNet.dll
Symbol file LoadedFromMemory doesn't match image C:\Users\matth\Desktop\Unity Projects\MajorJam6Life\Major Jam 6 Life Submission\Library\PackageCache\com.unity.visualscripting@1.7.8\Editor\VisualScripting.Core\Dependencies\DotNetZip\Unity.VisualScripting.IonicZip.dll
Native extension for WindowsStandalone target not found
Refreshing native plugins compatible for Editor in 0.84 ms, found 3 plugins.
Preloading 0 native plugins for Editor in 0.00 ms.
Mono: successfully reloaded assembly
- Completed reload, in  1.392 seconds
Domain Reload Profiling:
	ReloadAssembly (1392ms)
		BeginReloadAssembly (157ms)
			ExecutionOrderSort (0ms)
			DisableScriptedObjects (5ms)
			BackupInstance (0ms)
			ReleaseScriptingObjects (0ms)
			CreateAndSetChildDomain (43ms)
		EndReloadAssembly (1112ms)
			LoadAssemblies (117ms)
			RebuildTransferFunctionScriptingTraits (0ms)
			SetupTypeCache (332ms)
			ReleaseScriptCaches (2ms)
			RebuildScriptCaches (58ms)
			SetupLoadedEditorAssemblies (536ms)
				LogAssemblyErrors (0ms)
				InitializePlatformSupportModulesInManaged (13ms)
				SetLoadedEditorAssemblies (0ms)
				RefreshPlugins (1ms)
				BeforeProcessingInitializeOnLoad (94ms)
				ProcessInitializeOnLoadAttributes (300ms)
				ProcessInitializeOnLoadMethodAttributes (114ms)
				AfterProcessingInitializeOnLoad (12ms)
				EditorAssembliesLoaded (0ms)
			ExecutionOrderSort2 (0ms)
			AwakeInstancesAfterBackupRestoration (20ms)
Platform modules already initialized, skipping
Refreshing native plugins compatible for Editor in 3.65 ms, found 3 plugins.
Preloading 0 native plugins for Editor in 0.00 ms.
Unloading 4969 Unused Serialized files (Serialized files now loaded: 0)
Unloading 37 unused Assets / (1.1 MB). Loaded Objects now: 5564.
Memory consumption went from 197.1 MB to 196.1 MB.
Total: 5.687300 ms (FindLiveObjects: 0.711200 ms CreateObjectMapping: 0.591500 ms MarkObjects: 3.836300 ms  DeleteObjects: 0.547400 ms)

AssetImportParameters requested are different than current active one (requested -> active):
  custom:video-decoder-ogg-theora: a1e56fd34408186e4bbccfd4996cb3dc -> 
  custom:container-muxer-webm: aa71ff27fc2769a1b78a27578f13a17b -> 
  custom:container-demuxer-webm: 4f35f7cbe854078d1ac9338744f61a02 -> 
  custom:video-encoder-webm-vp8: eb34c28f22e8b96e1ab97ce403110664 -> 
  custom:audio-encoder-webm-vorbis: bf7c407c2cedff20999df2af8eb42d56 -> 
  custom:framework-win-MediaFoundation: 216162199b28c13a410421893ffa2e32 -> 
  custom:container-demuxer-ogg: 62fdf1f143b41e24485cea50d1cbac27 -> 
  custom:video-decoder-webm-vp8: 9c59270c3fd7afecdb556c50c9e8de78 -> 
  custom:audio-decoder-ogg-vorbis: bf7c407c2cedff20999df2af8eb42d56 -> 
